<?xml version="1.0" encoding="utf-8"?><testsuites name="pytest tests"><testsuite name="pytest" errors="0" failures="0" skipped="14" tests="14" time="8.351" timestamp="2025-08-02T09:08:15.296422+08:00" hostname="MacBook-Pro-M1.local"><testcase classname="tests.integration.test_chinese_features.TestChineseTextProcessing" name="test_chinese_tokenization" time="0.000"><skipped type="pytest.skip" message="跳過整合測試（使用 --integration 運行）">/Users/tenyi/Projects/MyRag/tests/integration/test_chinese_features.py:42: 跳過整合測試（使用 --integration 運行）</skipped></testcase><testcase classname="tests.integration.test_chinese_features.TestChineseTextProcessing" name="test_chinese_encoding_handling" time="0.000"><skipped type="pytest.skip" message="跳過整合測試（使用 --integration 運行）">/Users/tenyi/Projects/MyRag/tests/integration/test_chinese_features.py:74: 跳過整合測試（使用 --integration 運行）</skipped></testcase><testcase classname="tests.integration.test_chinese_features.TestChineseTextProcessing" name="test_traditional_simplified_conversion" time="0.000"><skipped type="pytest.skip" message="跳過整合測試（使用 --integration 運行）">/Users/tenyi/Projects/MyRag/tests/integration/test_chinese_features.py:95: 跳過整合測試（使用 --integration 運行）</skipped></testcase><testcase classname="tests.integration.test_chinese_features.TestChineseTextProcessing" name="test_chinese_punctuation_handling" time="0.000"><skipped type="pytest.skip" message="跳過整合測試（使用 --integration 運行）">/Users/tenyi/Projects/MyRag/tests/integration/test_chinese_features.py:136: 跳過整合測試（使用 --integration 運行）</skipped></testcase><testcase classname="tests.integration.test_chinese_features.TestChineseTextProcessing" name="test_chinese_number_extraction" time="0.000"><skipped type="pytest.skip" message="跳過整合測試（使用 --integration 運行）">/Users/tenyi/Projects/MyRag/tests/integration/test_chinese_features.py:175: 跳過整合測試（使用 --integration 運行）</skipped></testcase><testcase classname="tests.integration.test_chinese_features.TestChineseTextProcessing" name="test_chinese_semantic_understanding" time="0.000"><skipped type="pytest.skip" message="跳過整合測試（使用 --integration 運行）">/Users/tenyi/Projects/MyRag/tests/integration/test_chinese_features.py:202: 跳過整合測試（使用 --integration 運行）</skipped></testcase><testcase classname="tests.integration.test_chinese_features.TestChineseTextProcessing" name="test_chinese_text_chunking" time="0.000"><skipped type="pytest.skip" message="跳過整合測試（使用 --integration 運行）">/Users/tenyi/Projects/MyRag/tests/integration/test_chinese_features.py:252: 跳過整合測試（使用 --integration 運行）</skipped></testcase><testcase classname="tests.integration.test_chinese_features.TestChineseQueryProcessing" name="test_chinese_query_intent_classification" time="0.000"><skipped type="pytest.skip" message="跳過整合測試（使用 --integration 運行）">/Users/tenyi/Projects/MyRag/tests/integration/test_chinese_features.py:335: 跳過整合測試（使用 --integration 運行）</skipped></testcase><testcase classname="tests.integration.test_chinese_features.TestChineseQueryProcessing" name="test_chinese_entity_extraction" time="0.000"><skipped type="pytest.skip" message="跳過整合測試（使用 --integration 運行）">/Users/tenyi/Projects/MyRag/tests/integration/test_chinese_features.py:363: 跳過整合測試（使用 --integration 運行）</skipped></testcase><testcase classname="tests.integration.test_chinese_features.TestChineseQueryProcessing" name="test_chinese_query_expansion" time="0.000"><skipped type="pytest.skip" message="跳過整合測試（使用 --integration 運行）">/Users/tenyi/Projects/MyRag/tests/integration/test_chinese_features.py:407: 跳過整合測試（使用 --integration 運行）</skipped></testcase><testcase classname="tests.integration.test_chinese_features.TestChineseQueryProcessing" name="test_chinese_answer_generation" time="0.000"><skipped type="pytest.skip" message="跳過整合測試（使用 --integration 運行）">/Users/tenyi/Projects/MyRag/tests/integration/test_chinese_features.py:443: 跳過整合測試（使用 --integration 運行）</skipped></testcase><testcase classname="tests.integration.test_chinese_features.TestChineseKnowledgeGraph" name="test_chinese_entity_recognition" time="0.000"><skipped type="pytest.skip" message="跳過整合測試（使用 --integration 運行）">/Users/tenyi/Projects/MyRag/tests/integration/test_chinese_features.py:503: 跳過整合測試（使用 --integration 運行）</skipped></testcase><testcase classname="tests.integration.test_chinese_features.TestChineseKnowledgeGraph" name="test_chinese_relation_extraction" time="0.000"><skipped type="pytest.skip" message="跳過整合測試（使用 --integration 運行）">/Users/tenyi/Projects/MyRag/tests/integration/test_chinese_features.py:549: 跳過整合測試（使用 --integration 運行）</skipped></testcase><testcase classname="tests.integration.test_chinese_features.TestChineseKnowledgeGraph" name="test_chinese_knowledge_graph_construction" time="0.000"><skipped type="pytest.skip" message="跳過整合測試（使用 --integration 運行）">/Users/tenyi/Projects/MyRag/tests/integration/test_chinese_features.py:606: 跳過整合測試（使用 --integration 運行）</skipped></testcase></testsuite></testsuites>