<?xml version="1.0" encoding="utf-8"?><testsuites name="pytest tests"><testsuite name="pytest" errors="1" failures="0" skipped="0" tests="1" time="8.813" timestamp="2025-08-03T15:09:21.124255+08:00" hostname="MacBook-Pro-M1.local"><testcase classname="" name="tests.test_config_system" time="0.000"><error message="collection failure">.venv/lib/python3.11/site-packages/_pytest/python.py:498: in importtestmodule
    mod = import_path(
.venv/lib/python3.11/site-packages/_pytest/pathlib.py:587: in import_path
    importlib.import_module(module_name)
../../.local/share/uv/python/cpython-3.11.3-macos-aarch64-none/lib/python3.11/importlib/__init__.py:126: in import_module
    return _bootstrap._gcd_import(name[level:], package, level)
           ^^^^^^^^^^^^^^^^^^^^^^^^^^^^^^^^^^^^^^^^^^^^^^^^^^^^
&lt;frozen importlib._bootstrap&gt;:1206: in _gcd_import
    ???
&lt;frozen importlib._bootstrap&gt;:1178: in _find_and_load
    ???
&lt;frozen importlib._bootstrap&gt;:1149: in _find_and_load_unlocked
    ???
&lt;frozen importlib._bootstrap&gt;:690: in _load_unlocked
    ???
.venv/lib/python3.11/site-packages/_pytest/assertion/rewrite.py:177: in exec_module
    source_stat, co = _rewrite_test(fn, self.config)
                      ^^^^^^^^^^^^^^^^^^^^^^^^^^^^^^
.venv/lib/python3.11/site-packages/_pytest/assertion/rewrite.py:357: in _rewrite_test
    tree = ast.parse(source, filename=strfn)
           ^^^^^^^^^^^^^^^^^^^^^^^^^^^^^^^^^
../../.local/share/uv/python/cpython-3.11.3-macos-aarch64-none/lib/python3.11/ast.py:50: in parse
    return compile(source, filename, mode, flags,
E     File "/Users/tenyi/Projects/MyRag/tests/test_config_system.py", line 70
E       assert isinstance(config, GraphRAGConfig)assert len(config.models) == 2
E                                                ^^^^^^
E   SyntaxError: invalid syntax</error></testcase></testsuite></testsuites>