<?xml version="1.0" encoding="utf-8"?><testsuites name="pytest tests"><testsuite name="pytest" errors="0" failures="0" skipped="44" tests="472" time="26.692" timestamp="2025-08-05T14:29:41.767719+08:00" hostname="MacBook-Pro-M1.local"><testcase classname="tests.integration.test_chinese_features.TestChineseTextProcessing" name="test_chinese_tokenization" time="0.000"><skipped type="pytest.skip" message="跳過整合測試（使用 --integration 運行）">/Users/tenyi/Projects/MyRag/tests/integration/test_chinese_features.py:42: 跳過整合測試（使用 --integration 運行）</skipped></testcase><testcase classname="tests.integration.test_chinese_features.TestChineseTextProcessing" name="test_chinese_encoding_handling" time="0.000"><skipped type="pytest.skip" message="跳過整合測試（使用 --integration 運行）">/Users/tenyi/Projects/MyRag/tests/integration/test_chinese_features.py:74: 跳過整合測試（使用 --integration 運行）</skipped></testcase><testcase classname="tests.integration.test_chinese_features.TestChineseTextProcessing" name="test_traditional_simplified_conversion" time="0.000"><skipped type="pytest.skip" message="跳過整合測試（使用 --integration 運行）">/Users/tenyi/Projects/MyRag/tests/integration/test_chinese_features.py:95: 跳過整合測試（使用 --integration 運行）</skipped></testcase><testcase classname="tests.integration.test_chinese_features.TestChineseTextProcessing" name="test_chinese_punctuation_handling" time="0.000"><skipped type="pytest.skip" message="跳過整合測試（使用 --integration 運行）">/Users/tenyi/Projects/MyRag/tests/integration/test_chinese_features.py:136: 跳過整合測試（使用 --integration 運行）</skipped></testcase><testcase classname="tests.integration.test_chinese_features.TestChineseTextProcessing" name="test_chinese_number_extraction" time="0.000"><skipped type="pytest.skip" message="跳過整合測試（使用 --integration 運行）">/Users/tenyi/Projects/MyRag/tests/integration/test_chinese_features.py:175: 跳過整合測試（使用 --integration 運行）</skipped></testcase><testcase classname="tests.integration.test_chinese_features.TestChineseTextProcessing" name="test_chinese_semantic_understanding" time="0.000"><skipped type="pytest.skip" message="跳過整合測試（使用 --integration 運行）">/Users/tenyi/Projects/MyRag/tests/integration/test_chinese_features.py:202: 跳過整合測試（使用 --integration 運行）</skipped></testcase><testcase classname="tests.integration.test_chinese_features.TestChineseTextProcessing" name="test_chinese_text_chunking" time="0.000"><skipped type="pytest.skip" message="跳過整合測試（使用 --integration 運行）">/Users/tenyi/Projects/MyRag/tests/integration/test_chinese_features.py:252: 跳過整合測試（使用 --integration 運行）</skipped></testcase><testcase classname="tests.integration.test_chinese_features.TestChineseQueryProcessing" name="test_chinese_query_intent_classification" time="0.000"><skipped type="pytest.skip" message="跳過整合測試（使用 --integration 運行）">/Users/tenyi/Projects/MyRag/tests/integration/test_chinese_features.py:335: 跳過整合測試（使用 --integration 運行）</skipped></testcase><testcase classname="tests.integration.test_chinese_features.TestChineseQueryProcessing" name="test_chinese_entity_extraction" time="0.000"><skipped type="pytest.skip" message="跳過整合測試（使用 --integration 運行）">/Users/tenyi/Projects/MyRag/tests/integration/test_chinese_features.py:363: 跳過整合測試（使用 --integration 運行）</skipped></testcase><testcase classname="tests.integration.test_chinese_features.TestChineseQueryProcessing" name="test_chinese_query_expansion" time="0.000"><skipped type="pytest.skip" message="跳過整合測試（使用 --integration 運行）">/Users/tenyi/Projects/MyRag/tests/integration/test_chinese_features.py:407: 跳過整合測試（使用 --integration 運行）</skipped></testcase><testcase classname="tests.integration.test_chinese_features.TestChineseQueryProcessing" name="test_chinese_answer_generation" time="0.000"><skipped type="pytest.skip" message="跳過整合測試（使用 --integration 運行）">/Users/tenyi/Projects/MyRag/tests/integration/test_chinese_features.py:443: 跳過整合測試（使用 --integration 運行）</skipped></testcase><testcase classname="tests.integration.test_chinese_features.TestChineseKnowledgeGraph" name="test_chinese_entity_recognition" time="0.000"><skipped type="pytest.skip" message="跳過整合測試（使用 --integration 運行）">/Users/tenyi/Projects/MyRag/tests/integration/test_chinese_features.py:503: 跳過整合測試（使用 --integration 運行）</skipped></testcase><testcase classname="tests.integration.test_chinese_features.TestChineseKnowledgeGraph" name="test_chinese_relation_extraction" time="0.000"><skipped type="pytest.skip" message="跳過整合測試（使用 --integration 運行）">/Users/tenyi/Projects/MyRag/tests/integration/test_chinese_features.py:549: 跳過整合測試（使用 --integration 運行）</skipped></testcase><testcase classname="tests.integration.test_chinese_features.TestChineseKnowledgeGraph" name="test_chinese_knowledge_graph_construction" time="0.000"><skipped type="pytest.skip" message="跳過整合測試（使用 --integration 運行）">/Users/tenyi/Projects/MyRag/tests/integration/test_chinese_features.py:606: 跳過整合測試（使用 --integration 運行）</skipped></testcase><testcase classname="tests.integration.test_end_to_end.TestEndToEndIndexing" name="test_document_processing_pipeline" time="0.000"><skipped type="pytest.skip" message="跳過整合測試（使用 --integration 運行）">/Users/tenyi/Projects/MyRag/tests/integration/test_end_to_end.py:207: 跳過整合測試（使用 --integration 運行）</skipped></testcase><testcase classname="tests.integration.test_end_to_end.TestEndToEndIndexing" name="test_embedding_generation" time="0.000"><skipped type="pytest.skip" message="跳過整合測試（使用 --integration 運行）">/Users/tenyi/Projects/MyRag/tests/integration/test_end_to_end.py:240: 跳過整合測試（使用 --integration 運行）</skipped></testcase><testcase classname="tests.integration.test_end_to_end.TestEndToEndIndexing" name="test_vector_store_operations" time="0.000"><skipped type="pytest.skip" message="跳過整合測試（使用 --integration 運行）">/Users/tenyi/Projects/MyRag/tests/integration/test_end_to_end.py:259: 跳過整合測試（使用 --integration 運行）</skipped></testcase><testcase classname="tests.integration.test_end_to_end.TestEndToEndIndexing" name="test_full_indexing_pipeline" time="0.000"><skipped type="pytest.skip" message="跳過整合測試（使用 --integration 運行）">/Users/tenyi/Projects/MyRag/tests/integration/test_end_to_end.py:294: 跳過整合測試（使用 --integration 運行）</skipped></testcase><testcase classname="tests.integration.test_end_to_end.TestEndToEndQuerying" name="test_chinese_query_processing" time="0.000"><skipped type="pytest.skip" message="跳過整合測試（使用 --integration 運行）">/Users/tenyi/Projects/MyRag/tests/integration/test_end_to_end.py:433: 跳過整合測試（使用 --integration 運行）</skipped></testcase><testcase classname="tests.integration.test_end_to_end.TestEndToEndQuerying" name="test_semantic_search" time="0.000"><skipped type="pytest.skip" message="跳過整合測試（使用 --integration 運行）">/Users/tenyi/Projects/MyRag/tests/integration/test_end_to_end.py:464: 跳過整合測試（使用 --integration 運行）</skipped></testcase><testcase classname="tests.integration.test_end_to_end.TestEndToEndQuerying" name="test_local_search_query" time="0.000"><skipped type="pytest.skip" message="跳過整合測試（使用 --integration 運行）">/Users/tenyi/Projects/MyRag/tests/integration/test_end_to_end.py:492: 跳過整合測試（使用 --integration 運行）</skipped></testcase><testcase classname="tests.integration.test_end_to_end.TestEndToEndQuerying" name="test_global_search_query" time="0.000"><skipped type="pytest.skip" message="跳過整合測試（使用 --integration 運行）">/Users/tenyi/Projects/MyRag/tests/integration/test_end_to_end.py:529: 跳過整合測試（使用 --integration 運行）</skipped></testcase><testcase classname="tests.integration.test_end_to_end.TestEndToEndQuerying" name="test_full_query_pipeline" time="0.000"><skipped type="pytest.skip" message="跳過整合測試（使用 --integration 運行）">/Users/tenyi/Projects/MyRag/tests/integration/test_end_to_end.py:566: 跳過整合測試（使用 --integration 運行）</skipped></testcase><testcase classname="tests.integration.test_end_to_end.TestSystemIntegration" name="test_indexing_and_querying_integration" time="0.000"><skipped type="pytest.skip" message="跳過整合測試（使用 --integration 運行）">/Users/tenyi/Projects/MyRag/tests/integration/test_end_to_end.py:642: 跳過整合測試（使用 --integration 運行）</skipped></testcase><testcase classname="tests.integration.test_end_to_end.TestSystemIntegration" name="test_error_handling_integration" time="0.000"><skipped type="pytest.skip" message="跳過整合測試（使用 --integration 運行）">/Users/tenyi/Projects/MyRag/tests/integration/test_end_to_end.py:694: 跳過整合測試（使用 --integration 運行）</skipped></testcase><testcase classname="tests.integration.test_end_to_end.TestSystemIntegration" name="test_configuration_integration" time="0.000"><skipped type="pytest.skip" message="跳過整合測試（使用 --integration 運行）">/Users/tenyi/Projects/MyRag/tests/integration/test_end_to_end.py:723: 跳過整合測試（使用 --integration 運行）</skipped></testcase><testcase classname="tests.integration.test_performance.TestPerformanceBenchmarks" name="test_document_processing_performance" time="0.000"><skipped type="pytest.skip" message="跳過整合測試（使用 --integration 運行）">/Users/tenyi/Projects/MyRag/tests/integration/test_performance.py:38: 跳過整合測試（使用 --integration 運行）</skipped></testcase><testcase classname="tests.integration.test_performance.TestPerformanceBenchmarks" name="test_embedding_generation_performance" time="0.000"><skipped type="pytest.skip" message="跳過整合測試（使用 --integration 運行）">/Users/tenyi/Projects/MyRag/tests/integration/test_performance.py:96: 跳過整合測試（使用 --integration 運行）</skipped></testcase><testcase classname="tests.integration.test_performance.TestPerformanceBenchmarks" name="test_vector_search_performance" time="0.000"><skipped type="pytest.skip" message="跳過整合測試（使用 --integration 運行）">/Users/tenyi/Projects/MyRag/tests/integration/test_performance.py:144: 跳過整合測試（使用 --integration 運行）</skipped></testcase><testcase classname="tests.integration.test_performance.TestPerformanceBenchmarks" name="test_concurrent_processing_performance" time="0.000"><skipped type="pytest.skip" message="跳過整合測試（使用 --integration 運行）">/Users/tenyi/Projects/MyRag/tests/integration/test_performance.py:210: 跳過整合測試（使用 --integration 運行）</skipped></testcase><testcase classname="tests.integration.test_performance.TestPerformanceBenchmarks" name="test_memory_usage_performance" time="0.000"><skipped type="pytest.skip" message="跳過整合測試（使用 --integration 運行）">/Users/tenyi/Projects/MyRag/tests/integration/test_performance.py:262: 跳過整合測試（使用 --integration 運行）</skipped></testcase><testcase classname="tests.integration.test_performance.TestPerformanceBenchmarks" name="test_async_processing_performance" time="0.000"><skipped type="pytest.skip" message="跳過整合測試（使用 --integration 運行）">/Users/tenyi/Projects/MyRag/tests/integration/test_performance.py:321: 跳過整合測試（使用 --integration 運行）</skipped></testcase><testcase classname="tests.integration.test_performance.TestPerformanceBenchmarks" name="test_end_to_end_performance" time="0.000"><skipped type="pytest.skip" message="跳過整合測試（使用 --integration 運行）">/Users/tenyi/Projects/MyRag/tests/integration/test_performance.py:367: 跳過整合測試（使用 --integration 運行）</skipped></testcase><testcase classname="tests.integration.test_performance.TestStressTests" name="test_high_concurrency_stress" time="0.000"><skipped type="pytest.skip" message="跳過整合測試（使用 --integration 運行）">/Users/tenyi/Projects/MyRag/tests/integration/test_performance.py:470: 跳過整合測試（使用 --integration 運行）</skipped></testcase><testcase classname="tests.integration.test_performance.TestStressTests" name="test_memory_stress" time="0.000"><skipped type="pytest.skip" message="跳過整合測試（使用 --integration 運行）">/Users/tenyi/Projects/MyRag/tests/integration/test_performance.py:519: 跳過整合測試（使用 --integration 運行）</skipped></testcase><testcase classname="tests.performance.test_performance_integration.TestPerformanceIntegration" name="test_optimizer_manager_initialization" time="0.006" /><testcase classname="tests.performance.test_performance_integration.TestPerformanceIntegration" name="test_batch_processing_optimization" time="0.575" /><testcase classname="tests.performance.test_performance_integration.TestPerformanceIntegration" name="test_query_optimization" time="0.114" /><testcase classname="tests.performance.test_performance_integration.TestPerformanceIntegration" name="test_cost_optimization" time="0.012" /><testcase classname="tests.performance.test_performance_integration.TestPerformanceIntegration" name="test_performance_monitoring" time="2.511" /><testcase classname="tests.performance.test_performance_integration.TestPerformanceIntegration" name="test_benchmark_execution" time="1.415" /><testcase classname="tests.performance.test_performance_integration.TestPerformanceIntegration" name="test_optimization_report" time="0.011" /><testcase classname="tests.performance.test_performance_integration.TestPerformanceIntegration" name="test_config_persistence" time="0.004" /><testcase classname="tests.performance.test_performance_integration.TestPerformanceIntegration" name="test_context_manager" time="0.006" /><testcase classname="tests.performance.test_performance_integration.TestPerformanceIntegration" name="test_alert_handling" time="0.006" /><testcase classname="tests.performance.test_performance_integration.TestPerformanceIntegration" name="test_error_handling" time="0.006" /><testcase classname="tests.test_config.test_loader.TestConfigLoader" name="test_load_valid_config" time="0.006" /><testcase classname="tests.test_config.test_loader.TestConfigLoader" name="test_env_var_substitution" time="0.004" /><testcase classname="tests.test_config.test_loader.TestConfigLoader" name="test_env_var_with_default" time="0.003" /><testcase classname="tests.test_config.test_loader.TestConfigLoader" name="test_missing_env_var_error" time="0.003" /><testcase classname="tests.test_config.test_loader.TestConfigLoader" name="test_invalid_model_type_error" time="0.002" /><testcase classname="tests.test_config.test_loader.TestConfigLoader" name="test_missing_default_model_error" time="0.003" /><testcase classname="tests.test_config.test_loader.TestConfigLoader" name="test_create_default_config" time="0.014" /><testcase classname="tests.test_config.test_loader.TestConfigLoader" name="test_nonexistent_config_file" time="0.001" /><testcase classname="tests.test_config.test_loader.TestConfigLoader" name="test_invalid_yaml_syntax" time="0.002" /><testcase classname="tests.test_config.test_models.TestLLMConfig" name="test_valid_llm_config" time="0.000" /><testcase classname="tests.test_config.test_models.TestLLMConfig" name="test_invalid_temperature" time="0.000" /><testcase classname="tests.test_config.test_models.TestLLMConfig" name="test_azure_openai_config" time="0.000" /><testcase classname="tests.test_config.test_models.TestEmbeddingConfig" name="test_openai_embedding_config" time="0.000" /><testcase classname="tests.test_config.test_models.TestEmbeddingConfig" name="test_bge_m3_config" time="0.000" /><testcase classname="tests.test_config.test_models.TestEmbeddingConfig" name="test_invalid_batch_size" time="0.000" /><testcase classname="tests.test_config.test_models.TestVectorStoreConfig" name="test_lancedb_config" time="0.000" /><testcase classname="tests.test_config.test_models.TestGraphRAGConfig" name="test_minimal_config" time="0.000" /><testcase classname="tests.test_config.test_models.TestGraphRAGConfig" name="test_get_llm_config" time="0.000" /><testcase classname="tests.test_config.test_models.TestGraphRAGConfig" name="test_get_embedding_config" time="0.000" /><testcase classname="tests.test_config.test_models.TestGraphRAGConfig" name="test_default_model_configs" time="0.000" /><testcase classname="tests.test_config.test_strategy.TestModelPerformanceMetrics" name="test_record_and_retrieve_metrics" time="0.000" /><testcase classname="tests.test_config.test_strategy.TestDefaultModelSelectionStrategy" name="test_select_default_models" time="0.000" /><testcase classname="tests.test_config.test_strategy.TestCostOptimizedSelectionStrategy" name="test_cost_optimization_disabled" time="0.000" /><testcase classname="tests.test_config.test_strategy.TestCostOptimizedSelectionStrategy" name="test_cost_optimization_enabled" time="0.000" /><testcase classname="tests.test_config.test_strategy.TestCostOptimizedSelectionStrategy" name="test_chinese_embedding_preference" time="0.000" /><testcase classname="tests.test_config.test_strategy.TestAdaptiveSelectionStrategy" name="test_task_based_model_selection" time="0.000" /><testcase classname="tests.test_config.test_strategy.TestAdaptiveSelectionStrategy" name="test_chinese_context_preference" time="0.000" /><testcase classname="tests.test_config.test_strategy.TestModelSelector" name="test_select_llm_model" time="0.000" /><testcase classname="tests.test_config.test_strategy.TestModelSelector" name="test_select_embedding_model" time="0.001" /><testcase classname="tests.test_config.test_strategy.TestModelSelector" name="test_fallback_model_selection" time="0.000" /><testcase classname="tests.test_config.test_strategy.TestModelSelector" name="test_record_model_performance" time="0.000" /><testcase classname="tests.test_config_system.TestConfigLoader" name="test_load_valid_config" time="0.005" /><testcase classname="tests.test_config_system.TestConfigLoader" name="test_load_config_with_env_vars" time="0.004" /><testcase classname="tests.test_config_system.TestConfigLoader" name="test_load_nonexistent_config" time="0.001" /><testcase classname="tests.test_config_system.TestConfigLoader" name="test_create_default_config" time="0.013" /><testcase classname="tests.test_config_system.TestEnvironmentManager" name="test_get_env_var_with_default" time="0.000" /><testcase classname="tests.test_config_system.TestEnvironmentManager" name="test_get_env_var_required_missing" time="0.000" /><testcase classname="tests.test_config_system.TestEnvironmentManager" name="test_type_conversion" time="0.001" /><testcase classname="tests.test_config_system.TestEnvironmentManager" name="test_load_env_file" time="0.001" /><testcase classname="tests.test_config_system.TestConfigValidator" name="test_validate_valid_config" time="0.001" /><testcase classname="tests.test_config_system.TestConfigValidator" name="test_validate_invalid_chunk_config" time="0.000" /><testcase classname="tests.test_config_system.TestConfigValidator" name="test_validate_missing_default_models" time="0.001" /><testcase classname="tests.test_config_system.TestConfigIntegration" name="test_full_config_workflow" time="0.004" /><testcase classname="tests.test_config_system.TestConfigIntegration" name="test_config_with_validation_warnings" time="0.004" /><testcase classname="tests.test_embeddings.test_chinese_optimized.TestChineseEmbeddingConfig" name="test_default_config" time="0.000" /><testcase classname="tests.test_embeddings.test_chinese_optimized.TestChineseEmbeddingConfig" name="test_custom_config" time="0.000" /><testcase classname="tests.test_embeddings.test_chinese_optimized.TestChineseOptimizedEmbeddingService" name="test_init" time="0.003" /><testcase classname="tests.test_embeddings.test_chinese_optimized.TestChineseOptimizedEmbeddingService" name="test_build_chinese_char_weights" time="0.001" /><testcase classname="tests.test_embeddings.test_chinese_optimized.TestChineseOptimizedEmbeddingService" name="test_calculate_chinese_weight" time="0.003" /><testcase classname="tests.test_embeddings.test_chinese_optimized.TestChineseOptimizedEmbeddingService" name="test_preprocess_texts" time="0.287" /><testcase classname="tests.test_embeddings.test_chinese_optimized.TestChineseOptimizedEmbeddingService" name="test_postprocess_embeddings" time="0.002" /><testcase classname="tests.test_embeddings.test_chinese_optimized.TestChineseOptimizedEmbeddingService" name="test_embed_texts_success" time="0.007" /><testcase classname="tests.test_embeddings.test_chinese_optimized.TestChineseOptimizedEmbeddingService" name="test_embed_texts_fallback" time="0.004" /><testcase classname="tests.test_embeddings.test_chinese_optimized.TestChineseOptimizedEmbeddingService" name="test_embed_texts_all_fail" time="0.005" /><testcase classname="tests.test_embeddings.test_chinese_optimized.TestChineseOptimizedEmbeddingService" name="test_evaluate_chinese_quality" time="0.007" /><testcase classname="tests.test_embeddings.test_chinese_optimized.TestChineseOptimizedEmbeddingService" name="test_is_chinese_dominant" time="0.001" /><testcase classname="tests.test_embeddings.test_chinese_optimized.TestChineseOptimizedEmbeddingService" name="test_get_model_info" time="0.001" /><testcase classname="tests.test_embeddings.test_chinese_optimized.TestCreateChineseOptimizedService" name="test_create_chinese_optimized_service" time="0.001" /><testcase classname="tests.test_embeddings.test_chinese_optimized.TestCreateChineseOptimizedService" name="test_create_with_default_params" time="0.001" /><testcase classname="tests.test_embeddings.test_chinese_optimized.TestChineseOptimizedIntegration" name="test_real_model_integration" time="0.000"><skipped type="pytest.skip" message="需要實際模型檔案">/Users/tenyi/Projects/MyRag/tests/test_embeddings/test_chinese_optimized.py:331: 需要實際模型檔案</skipped></testcase><testcase classname="tests.test_embeddings.test_embedding_manager.TestEmbeddingManager" name="test_init" time="0.001" /><testcase classname="tests.test_embeddings.test_embedding_manager.TestEmbeddingManager" name="test_register_service" time="0.001" /><testcase classname="tests.test_embeddings.test_embedding_manager.TestEmbeddingManager" name="test_unregister_service" time="0.001" /><testcase classname="tests.test_embeddings.test_embedding_manager.TestEmbeddingManager" name="test_get_service_not_found" time="0.001" /><testcase classname="tests.test_embeddings.test_embedding_manager.TestEmbeddingManager" name="test_list_services" time="0.001" /><testcase classname="tests.test_embeddings.test_embedding_manager.TestEmbeddingManager" name="test_load_all_models" time="0.003" /><testcase classname="tests.test_embeddings.test_embedding_manager.TestEmbeddingManager" name="test_embed_texts_success" time="0.002" /><testcase classname="tests.test_embeddings.test_embedding_manager.TestEmbeddingManager" name="test_embed_texts_fallback" time="0.003" /><testcase classname="tests.test_embeddings.test_embedding_manager.TestEmbeddingManager" name="test_embed_texts_no_fallback" time="0.003" /><testcase classname="tests.test_embeddings.test_embedding_manager.TestEmbeddingManager" name="test_smart_route_request_fastest" time="0.002" /><testcase classname="tests.test_embeddings.test_embedding_manager.TestEmbeddingManager" name="test_smart_route_request_least_loaded" time="0.002" /><testcase classname="tests.test_embeddings.test_embedding_manager.TestEmbeddingManager" name="test_health_check_all" time="0.002" /><testcase classname="tests.test_embeddings.test_embedding_manager.TestEmbeddingManager" name="test_get_metrics_summary" time="0.001" /><testcase classname="tests.test_embeddings.test_embedding_manager.TestEmbeddingManager" name="test_context_manager" time="0.003" /><testcase classname="tests.test_embeddings.test_performance_optimization.TestEmbeddingCache" name="test_memory_cache_basic" time="0.001" /><testcase classname="tests.test_embeddings.test_performance_optimization.TestEmbeddingCache" name="test_memory_cache_lru_eviction" time="0.002" /><testcase classname="tests.test_embeddings.test_performance_optimization.TestEmbeddingCache" name="test_memory_cache_lfu_eviction" time="0.001" /><testcase classname="tests.test_embeddings.test_performance_optimization.TestEmbeddingCache" name="test_disk_cache_basic" time="0.002" /><testcase classname="tests.test_embeddings.test_performance_optimization.TestEmbeddingCache" name="test_disk_cache_persistence" time="0.002" /><testcase classname="tests.test_embeddings.test_performance_optimization.TestEmbeddingCache" name="test_multi_level_cache" time="0.002" /><testcase classname="tests.test_embeddings.test_performance_optimization.TestEmbeddingCache" name="test_multi_level_cache_promotion" time="0.005" /><testcase classname="tests.test_embeddings.test_performance_optimization.TestEmbeddingCache" name="test_cache_factory" time="0.001" /><testcase classname="tests.test_embeddings.test_performance_optimization.TestEmbeddingManagerIntegration" name="test_manager_with_cache" time="0.003" /><testcase classname="tests.test_embeddings.test_performance_optimization.TestEmbeddingManagerIntegration" name="test_manager_batch_processing" time="0.002" /><testcase classname="tests.test_embeddings.test_performance_optimization.TestEmbeddingManagerIntegration" name="test_manager_error_handling" time="0.002" /><testcase classname="tests.test_embeddings.test_performance_optimization.TestEmbeddingManagerIntegration" name="test_manager_metrics" time="0.002" /><testcase classname="tests.test_exception_handling.TestChineseGraphRAGError" name="test_basic_error_creation" time="0.000" /><testcase classname="tests.test_exception_handling.TestChineseGraphRAGError" name="test_error_with_full_metadata" time="0.000" /><testcase classname="tests.test_exception_handling.TestChineseGraphRAGError" name="test_error_serialization" time="0.000" /><testcase classname="tests.test_exception_handling.TestSpecificErrors" name="test_system_error" time="0.000" /><testcase classname="tests.test_exception_handling.TestSpecificErrors" name="test_configuration_error" time="0.000" /><testcase classname="tests.test_exception_handling.TestSpecificErrors" name="test_validation_error" time="0.000" /><testcase classname="tests.test_exception_handling.TestSpecificErrors" name="test_processing_error" time="0.000" /><testcase classname="tests.test_exception_handling.TestSpecificErrors" name="test_resource_error" time="0.000" /><testcase classname="tests.test_exception_handling.TestSpecificErrors" name="test_network_error" time="0.000" /><testcase classname="tests.test_exception_handling.TestSpecificErrors" name="test_security_error" time="0.000" /><testcase classname="tests.test_exception_handling.TestGlobalErrorHandler" name="test_handler_creation" time="0.000" /><testcase classname="tests.test_exception_handling.TestGlobalErrorHandler" name="test_error_handling_strategies" time="0.001" /><testcase classname="tests.test_exception_handling.TestGlobalErrorHandler" name="test_retry_strategy" time="0.001" /><testcase classname="tests.test_exception_handling.TestRetryPolicies" name="test_exponential_backoff_policy" time="0.000" /><testcase classname="tests.test_exception_handling.TestRetryPolicies" name="test_linear_backoff_policy" time="0.000" /><testcase classname="tests.test_exception_handling.TestRetryPolicies" name="test_fixed_delay_policy" time="0.000" /><testcase classname="tests.test_exception_handling.TestRetryPolicies" name="test_retry_decorator" time="0.211" /><testcase classname="tests.test_exception_handling.TestRetryPolicies" name="test_retry_decorator_failure" time="0.110" /><testcase classname="tests.test_exception_handling.TestRetryPolicies" name="test_async_retry_decorator" time="0.213" /><testcase classname="tests.test_exception_handling.TestErrorHandlerRegistry" name="test_get_error_handler" time="0.001" /><testcase classname="tests.test_exception_handling.TestErrorHandlerRegistry" name="test_singleton_pattern" time="0.001" /><testcase classname="tests.test_exception_handling.TestThreadSafety" name="test_concurrent_error_handling" time="0.003" /><testcase classname="tests.test_exception_handling.TestErrorHandlingIntegration" name="test_real_world_error_scenario" time="0.000"><skipped type="pytest.skip" message="跳過整合測試（使用 --integration 運行）">/Users/tenyi/Projects/MyRag/tests/test_exception_handling.py:323: 跳過整合測試（使用 --integration 運行）</skipped></testcase><testcase classname="tests.test_exception_handling.TestErrorHandlingIntegration" name="test_error_recovery_flow" time="0.000"><skipped type="pytest.skip" message="跳過整合測試（使用 --integration 運行）">/Users/tenyi/Projects/MyRag/tests/test_exception_handling.py:353: 跳過整合測試（使用 --integration 運行）</skipped></testcase><testcase classname="tests.test_exceptions.test_consistency.TestConsistencyIssue" name="test_issue_creation" time="0.001" /><testcase classname="tests.test_exceptions.test_consistency.TestConsistencyIssue" name="test_issue_serialization" time="0.001" /><testcase classname="tests.test_exceptions.test_consistency.TestConsistencyReport" name="test_report_creation" time="0.001" /><testcase classname="tests.test_exceptions.test_consistency.TestConsistencyReport" name="test_report_serialization" time="0.001" /><testcase classname="tests.test_exceptions.test_consistency.TestFileSystemChecker" name="test_checker_creation" time="0.001" /><testcase classname="tests.test_exceptions.test_consistency.TestFileSystemChecker" name="test_check_existing_files" time="0.002" /><testcase classname="tests.test_exceptions.test_consistency.TestFileSystemChecker" name="test_check_missing_files" time="0.001" /><testcase classname="tests.test_exceptions.test_consistency.TestFileSystemChecker" name="test_check_size_mismatch" time="0.002" /><testcase classname="tests.test_exceptions.test_consistency.TestFileSystemChecker" name="test_check_hash_mismatch" time="0.001" /><testcase classname="tests.test_exceptions.test_consistency.TestIndexChecker" name="test_checker_creation" time="0.000" /><testcase classname="tests.test_exceptions.test_consistency.TestIndexChecker" name="test_check_missing_index" time="0.000" /><testcase classname="tests.test_exceptions.test_consistency.TestIndexChecker" name="test_check_orphaned_index" time="0.000" /><testcase classname="tests.test_exceptions.test_consistency.TestVectorStoreChecker" name="test_checker_creation" time="0.000" /><testcase classname="tests.test_exceptions.test_consistency.TestVectorStoreChecker" name="test_check_no_vector_store" time="0.000" /><testcase classname="tests.test_exceptions.test_consistency.TestVectorStoreChecker" name="test_check_missing_vectors" time="0.001" /><testcase classname="tests.test_exceptions.test_consistency.TestVectorStoreChecker" name="test_check_orphaned_vectors" time="0.001" /><testcase classname="tests.test_exceptions.test_consistency.TestVectorStoreChecker" name="test_check_vector_dimension" time="0.001" /><testcase classname="tests.test_exceptions.test_consistency.TestMetadataChecker" name="test_checker_creation" time="0.000" /><testcase classname="tests.test_exceptions.test_consistency.TestMetadataChecker" name="test_check_missing_fields" time="0.000" /><testcase classname="tests.test_exceptions.test_consistency.TestMetadataChecker" name="test_check_invalid_timestamp" time="0.000" /><testcase classname="tests.test_exceptions.test_consistency.TestDataConsistencyManager" name="test_manager_creation" time="0.001" /><testcase classname="tests.test_exceptions.test_consistency.TestDataConsistencyManager" name="test_register_checker" time="0.000" /><testcase classname="tests.test_exceptions.test_consistency.TestDataConsistencyManager" name="test_run_consistency_check" time="0.001" /><testcase classname="tests.test_exceptions.test_consistency.TestDataConsistencyManager" name="test_check_with_filters" time="0.000" /><testcase classname="tests.test_exceptions.test_consistency.TestDataConsistencyManager" name="test_checker_error_handling" time="0.001" /><testcase classname="tests.test_exceptions.test_consistency.TestDataConsistencyManager" name="test_auto_fix_issues" time="0.000" /><testcase classname="tests.test_exceptions.test_consistency.TestDataConsistencyManager" name="test_report_history_management" time="0.001" /><testcase classname="tests.test_exceptions.test_consistency.TestDataConsistencyManager" name="test_export_report" time="0.001" /><testcase classname="tests.test_exceptions.test_consistency.TestGlobalConsistencyManager" name="test_get_consistency_manager" time="0.000" /><testcase classname="tests.test_exceptions.test_consistency.TestConsistencyIntegration" name="test_full_consistency_workflow" time="0.000"><skipped type="pytest.skip" message="跳過整合測試（使用 --integration 運行）">/Users/tenyi/Projects/MyRag/tests/test_exceptions/test_consistency.py:776: 跳過整合測試（使用 --integration 運行）</skipped></testcase><testcase classname="tests.test_exceptions.test_consistency.TestConsistencyIntegration" name="test_concurrent_consistency_checks" time="0.000"><skipped type="pytest.skip" message="跳過整合測試（使用 --integration 運行）">/Users/tenyi/Projects/MyRag/tests/test_exceptions/test_consistency.py:867: 跳過整合測試（使用 --integration 運行）</skipped></testcase><testcase classname="tests.test_exceptions.test_incremental.TestFileMetadata" name="test_metadata_creation" time="0.000" /><testcase classname="tests.test_exceptions.test_incremental.TestFileMetadata" name="test_metadata_serialization" time="0.000" /><testcase classname="tests.test_exceptions.test_incremental.TestChangeRecord" name="test_change_record_creation" time="0.000" /><testcase classname="tests.test_exceptions.test_incremental.TestChangeRecord" name="test_change_record_serialization" time="0.000" /><testcase classname="tests.test_exceptions.test_incremental.TestFileWatcher" name="test_watcher_creation" time="0.001" /><testcase classname="tests.test_exceptions.test_incremental.TestFileWatcher" name="test_add_change_listener" time="0.001" /><testcase classname="tests.test_exceptions.test_incremental.TestFileWatcher" name="test_calculate_file_hash" time="0.001" /><testcase classname="tests.test_exceptions.test_incremental.TestFileWatcher" name="test_detect_encoding" time="0.002" /><testcase classname="tests.test_exceptions.test_incremental.TestFileWatcher" name="test_create_file_metadata" time="0.001" /><testcase classname="tests.test_exceptions.test_incremental.TestFileWatcher" name="test_scan_changes_new_files" time="0.001" /><testcase classname="tests.test_exceptions.test_incremental.TestFileWatcher" name="test_scan_changes_modified_files" time="0.108" /><testcase classname="tests.test_exceptions.test_incremental.TestFileWatcher" name="test_scan_changes_deleted_files" time="0.002" /><testcase classname="tests.test_exceptions.test_incremental.TestFileWatcher" name="test_change_listener_notification" time="0.001" /><testcase classname="tests.test_exceptions.test_incremental.TestIncrementalIndexStorage" name="test_storage_initialization" time="0.004" /><testcase classname="tests.test_exceptions.test_incremental.TestIncrementalIndexStorage" name="test_save_and_get_file_metadata" time="0.004" /><testcase classname="tests.test_exceptions.test_incremental.TestIncrementalIndexStorage" name="test_save_and_get_change_record" time="0.003" /><testcase classname="tests.test_exceptions.test_incremental.TestIncrementalIndexStorage" name="test_mark_change_processed" time="0.004" /><testcase classname="tests.test_exceptions.test_incremental.TestIncrementalIndexStorage" name="test_pending_changes_limit" time="0.073" /><testcase classname="tests.test_exceptions.test_incremental.TestIncrementalIndexManager" name="test_manager_creation" time="0.002" /><testcase classname="tests.test_exceptions.test_incremental.TestIncrementalIndexManager" name="test_scan_for_changes" time="0.003" /><testcase classname="tests.test_exceptions.test_incremental.TestIncrementalIndexManager" name="test_process_pending_changes" time="0.007" /><testcase classname="tests.test_exceptions.test_incremental.TestIncrementalIndexManager" name="test_processing_concurrency_protection" time="0.002" /><testcase classname="tests.test_exceptions.test_incremental.TestIncrementalIndexManager" name="test_file_change_handling" time="0.003" /><testcase classname="tests.test_exceptions.test_incremental.TestIncrementalIndexManager" name="test_get_index_statistics" time="0.003" /><testcase classname="tests.test_exceptions.test_incremental.TestIncrementalIndexManager" name="test_cleanup_old_records" time="0.005" /><testcase classname="tests.test_exceptions.test_incremental.TestIncrementalIndexingIntegration" name="test_full_incremental_workflow" time="0.000"><skipped type="pytest.skip" message="跳過整合測試（使用 --integration 運行）">/Users/tenyi/Projects/MyRag/tests/test_exceptions/test_incremental.py:618: 跳過整合測試（使用 --integration 運行）</skipped></testcase><testcase classname="tests.test_exceptions.test_incremental.TestIncrementalIndexingIntegration" name="test_concurrent_file_operations" time="0.000"><skipped type="pytest.skip" message="跳過整合測試（使用 --integration 運行）">/Users/tenyi/Projects/MyRag/tests/test_exceptions/test_incremental.py:680: 跳過整合測試（使用 --integration 運行）</skipped></testcase><testcase classname="tests.test_exceptions.test_incremental.TestIncrementalIndexingIntegration" name="test_error_handling_in_processing" time="0.000"><skipped type="pytest.skip" message="跳過整合測試（使用 --integration 運行）">/Users/tenyi/Projects/MyRag/tests/test_exceptions/test_incremental.py:716: 跳過整合測試（使用 --integration 運行）</skipped></testcase><testcase classname="tests.test_exceptions.test_recovery.TestCheckpointMetadata" name="test_metadata_creation" time="0.000" /><testcase classname="tests.test_exceptions.test_recovery.TestCheckpointMetadata" name="test_metadata_serialization" time="0.000" /><testcase classname="tests.test_exceptions.test_recovery.TestSystemState" name="test_state_creation" time="0.000" /><testcase classname="tests.test_exceptions.test_recovery.TestSystemState" name="test_state_serialization" time="0.001" /><testcase classname="tests.test_exceptions.test_recovery.TestFileCheckpointStorage" name="test_storage_initialization" time="0.001" /><testcase classname="tests.test_exceptions.test_recovery.TestFileCheckpointStorage" name="test_save_and_load_checkpoint" time="0.001" /><testcase classname="tests.test_exceptions.test_recovery.TestFileCheckpointStorage" name="test_list_checkpoints" time="0.001" /><testcase classname="tests.test_exceptions.test_recovery.TestFileCheckpointStorage" name="test_delete_checkpoint" time="0.001" /><testcase classname="tests.test_exceptions.test_recovery.TestFileCheckpointStorage" name="test_checksum_validation" time="0.001" /><testcase classname="tests.test_exceptions.test_recovery.TestCheckpointManager" name="test_manager_creation" time="0.001" /><testcase classname="tests.test_exceptions.test_recovery.TestCheckpointManager" name="test_create_checkpoint" time="0.001" /><testcase classname="tests.test_exceptions.test_recovery.TestCheckpointManager" name="test_list_checkpoints_with_filters" time="0.002" /><testcase classname="tests.test_exceptions.test_recovery.TestCheckpointManager" name="test_cleanup_old_checkpoints" time="0.003" /><testcase classname="tests.test_exceptions.test_recovery.TestStateManager" name="test_state_manager_creation" time="0.000" /><testcase classname="tests.test_exceptions.test_recovery.TestStateManager" name="test_register_component" time="0.000" /><testcase classname="tests.test_exceptions.test_recovery.TestStateManager" name="test_capture_current_state" time="0.000" /><testcase classname="tests.test_exceptions.test_recovery.TestStateManager" name="test_component_error_handling" time="0.000" /><testcase classname="tests.test_exceptions.test_recovery.TestStateManager" name="test_state_history_limit" time="0.001" /><testcase classname="tests.test_exceptions.test_recovery.TestStateManager" name="test_compare_states" time="0.000" /><testcase classname="tests.test_exceptions.test_recovery.TestRecoveryManager" name="test_recovery_manager_creation" time="0.001" /><testcase classname="tests.test_exceptions.test_recovery.TestRecoveryManager" name="test_register_recovery_strategy" time="0.001" /><testcase classname="tests.test_exceptions.test_recovery.TestRecoveryManager" name="test_auto_recover_success" time="0.001" /><testcase classname="tests.test_exceptions.test_recovery.TestRecoveryManager" name="test_auto_recover_no_strategy" time="0.001" /><testcase classname="tests.test_exceptions.test_recovery.TestRecoveryManager" name="test_create_recovery_checkpoint" time="0.001" /><testcase classname="tests.test_exceptions.test_recovery.TestRecoveryManager" name="test_perform_recovery" time="0.001" /><testcase classname="tests.test_exceptions.test_recovery.TestGlobalRecoveryManager" name="test_get_recovery_manager" time="0.000" /><testcase classname="tests.test_exceptions.test_recovery.TestRecoveryIntegration" name="test_full_recovery_scenario" time="0.000"><skipped type="pytest.skip" message="跳過整合測試（使用 --integration 運行）">/Users/tenyi/Projects/MyRag/tests/test_exceptions/test_recovery.py:600: 跳過整合測試（使用 --integration 運行）</skipped></testcase><testcase classname="tests.test_indexing.test_engine.TestGraphRAGIndexer" name="test_indexer_initialization" time="0.003" /><testcase classname="tests.test_indexing.test_engine.TestGraphRAGIndexer" name="test_create_text_units" time="0.003" /><testcase classname="tests.test_indexing.test_engine.TestGraphRAGIndexer" name="test_entity_and_relationship_extraction" time="0.005" /><testcase classname="tests.test_indexing.test_engine.TestGraphRAGIndexer" name="test_detect_communities" time="0.003" /><testcase classname="tests.test_indexing.test_engine.TestGraphRAGIndexer" name="test_create_embeddings" time="0.007" /><testcase classname="tests.test_indexing.test_engine.TestGraphRAGIndexer" name="test_get_statistics" time="0.002" /><testcase classname="tests.test_indexing.test_engine.TestGraphRAGIndexer" name="test_clear_index" time="0.001" /><testcase classname="tests.test_indexing.test_engine.TestGraphRAGIndexer" name="test_full_indexing_workflow" time="0.026" /><testcase classname="tests.test_models.test_base.TestBaseModel" name="test_create_model_with_defaults" time="0.000" /><testcase classname="tests.test_models.test_base.TestBaseModel" name="test_create_model_with_custom_values" time="0.000" /><testcase classname="tests.test_models.test_base.TestBaseModel" name="test_update_timestamp" time="0.002" /><testcase classname="tests.test_models.test_base.TestBaseModel" name="test_to_dict" time="0.000" /><testcase classname="tests.test_models.test_base.TestBaseModel" name="test_from_dict" time="0.000" /><testcase classname="tests.test_models.test_base.TestBaseModel" name="test_to_json" time="0.000" /><testcase classname="tests.test_models.test_base.TestBaseModel" name="test_from_json" time="0.000" /><testcase classname="tests.test_models.test_base.TestBaseModel" name="test_validation_on_assignment" time="0.000" /><testcase classname="tests.test_models.test_base.TestBaseModel" name="test_exclude_none_in_serialization" time="0.000" /><testcase classname="tests.test_models.test_community.TestCommunity" name="test_create_community_with_required_fields" time="0.000" /><testcase classname="tests.test_models.test_community.TestCommunity" name="test_create_community_with_all_fields" time="0.000" /><testcase classname="tests.test_models.test_community.TestCommunity" name="test_title_validation" time="0.000" /><testcase classname="tests.test_models.test_community.TestCommunity" name="test_level_validation" time="0.000" /><testcase classname="tests.test_models.test_community.TestCommunity" name="test_summary_validation" time="0.000" /><testcase classname="tests.test_models.test_community.TestCommunity" name="test_full_content_validation" time="0.000" /><testcase classname="tests.test_models.test_community.TestCommunity" name="test_entities_validation" time="0.000" /><testcase classname="tests.test_models.test_community.TestCommunity" name="test_relationships_validation" time="0.000" /><testcase classname="tests.test_models.test_community.TestCommunity" name="test_child_communities_validation" time="0.000" /><testcase classname="tests.test_models.test_community.TestCommunity" name="test_embedding_validation" time="0.000" /><testcase classname="tests.test_models.test_community.TestCommunity" name="test_rank_validation" time="0.000" /><testcase classname="tests.test_models.test_community.TestCommunity" name="test_size_validation" time="0.000" /><testcase classname="tests.test_models.test_community.TestCommunity" name="test_density_validation" time="0.000" /><testcase classname="tests.test_models.test_community.TestCommunity" name="test_properties" time="0.000" /><testcase classname="tests.test_models.test_community.TestCommunity" name="test_add_entity" time="0.000" /><testcase classname="tests.test_models.test_community.TestCommunity" name="test_remove_entity" time="0.000" /><testcase classname="tests.test_models.test_community.TestCommunity" name="test_add_relationship" time="0.000" /><testcase classname="tests.test_models.test_community.TestCommunity" name="test_remove_relationship" time="0.000" /><testcase classname="tests.test_models.test_community.TestCommunity" name="test_add_child_community" time="0.000" /><testcase classname="tests.test_models.test_community.TestCommunity" name="test_remove_child_community" time="0.000" /><testcase classname="tests.test_models.test_community.TestCommunity" name="test_update_rank" time="0.000" /><testcase classname="tests.test_models.test_community.TestCommunity" name="test_calculate_size" time="0.000" /><testcase classname="tests.test_models.test_community.TestCommunity" name="test_get_summary_preview" time="0.000" /><testcase classname="tests.test_models.test_community.TestCommunity" name="test_serialization" time="0.000" /><testcase classname="tests.test_models.test_document.TestDocument" name="test_create_document_with_required_fields" time="0.000" /><testcase classname="tests.test_models.test_document.TestDocument" name="test_create_document_with_all_fields" time="0.000" /><testcase classname="tests.test_models.test_document.TestDocument" name="test_title_validation" time="0.000" /><testcase classname="tests.test_models.test_document.TestDocument" name="test_content_validation" time="0.000" /><testcase classname="tests.test_models.test_document.TestDocument" name="test_file_path_validation" time="0.000" /><testcase classname="tests.test_models.test_document.TestDocument" name="test_language_validation" time="0.000" /><testcase classname="tests.test_models.test_document.TestDocument" name="test_file_size_validation" time="0.000" /><testcase classname="tests.test_models.test_document.TestDocument" name="test_file_name_property" time="0.000" /><testcase classname="tests.test_models.test_document.TestDocument" name="test_file_extension_property" time="0.000" /><testcase classname="tests.test_models.test_document.TestDocument" name="test_content_length_property" time="0.000" /><testcase classname="tests.test_models.test_document.TestDocument" name="test_get_summary" time="0.000" /><testcase classname="tests.test_models.test_document.TestDocument" name="test_serialization" time="0.000" /><testcase classname="tests.test_models.test_entity.TestEntity" name="test_create_entity_with_required_fields" time="0.000" /><testcase classname="tests.test_models.test_entity.TestEntity" name="test_create_entity_with_all_fields" time="0.000" /><testcase classname="tests.test_models.test_entity.TestEntity" name="test_name_validation" time="0.000" /><testcase classname="tests.test_models.test_entity.TestEntity" name="test_type_validation" time="0.000" /><testcase classname="tests.test_models.test_entity.TestEntity" name="test_description_validation" time="0.000" /><testcase classname="tests.test_models.test_entity.TestEntity" name="test_text_units_validation" time="0.000" /><testcase classname="tests.test_models.test_entity.TestEntity" name="test_rank_validation" time="0.000" /><testcase classname="tests.test_models.test_entity.TestEntity" name="test_frequency_validation" time="0.000" /><testcase classname="tests.test_models.test_entity.TestEntity" name="test_confidence_validation" time="0.000" /><testcase classname="tests.test_models.test_entity.TestEntity" name="test_embedding_validation" time="0.000" /><testcase classname="tests.test_models.test_entity.TestEntity" name="test_properties" time="0.000" /><testcase classname="tests.test_models.test_entity.TestEntity" name="test_add_text_unit" time="0.000" /><testcase classname="tests.test_models.test_entity.TestEntity" name="test_remove_text_unit" time="0.000" /><testcase classname="tests.test_models.test_entity.TestEntity" name="test_update_rank" time="0.000" /><testcase classname="tests.test_models.test_entity.TestEntity" name="test_serialization" time="0.000" /><testcase classname="tests.test_models.test_relationship.TestRelationship" name="test_create_relationship_with_required_fields" time="0.000" /><testcase classname="tests.test_models.test_relationship.TestRelationship" name="test_create_relationship_with_all_fields" time="0.000" /><testcase classname="tests.test_models.test_relationship.TestRelationship" name="test_source_entity_id_validation" time="0.000" /><testcase classname="tests.test_models.test_relationship.TestRelationship" name="test_target_entity_id_validation" time="0.000" /><testcase classname="tests.test_models.test_relationship.TestRelationship" name="test_relationship_type_validation" time="0.000" /><testcase classname="tests.test_models.test_relationship.TestRelationship" name="test_description_validation" time="0.000" /><testcase classname="tests.test_models.test_relationship.TestRelationship" name="test_weight_validation" time="0.000" /><testcase classname="tests.test_models.test_relationship.TestRelationship" name="test_text_units_validation" time="0.000" /><testcase classname="tests.test_models.test_relationship.TestRelationship" name="test_confidence_validation" time="0.000" /><testcase classname="tests.test_models.test_relationship.TestRelationship" name="test_frequency_validation" time="0.000" /><testcase classname="tests.test_models.test_relationship.TestRelationship" name="test_properties" time="0.000" /><testcase classname="tests.test_models.test_relationship.TestRelationship" name="test_add_text_unit" time="0.000" /><testcase classname="tests.test_models.test_relationship.TestRelationship" name="test_remove_text_unit" time="0.000" /><testcase classname="tests.test_models.test_relationship.TestRelationship" name="test_update_weight" time="0.000" /><testcase classname="tests.test_models.test_relationship.TestRelationship" name="test_get_reverse_relationship" time="0.000" /><testcase classname="tests.test_models.test_relationship.TestRelationship" name="test_serialization" time="0.000" /><testcase classname="tests.test_models.test_text_unit.TestTextUnit" name="test_create_text_unit_with_required_fields" time="0.000" /><testcase classname="tests.test_models.test_text_unit.TestTextUnit" name="test_create_text_unit_with_all_fields" time="0.000" /><testcase classname="tests.test_models.test_text_unit.TestTextUnit" name="test_text_validation" time="0.000" /><testcase classname="tests.test_models.test_text_unit.TestTextUnit" name="test_document_id_validation" time="0.000" /><testcase classname="tests.test_models.test_text_unit.TestTextUnit" name="test_chunk_index_validation" time="0.000" /><testcase classname="tests.test_models.test_text_unit.TestTextUnit" name="test_position_validation" time="0.000" /><testcase classname="tests.test_models.test_text_unit.TestTextUnit" name="test_embedding_validation" time="0.000" /><testcase classname="tests.test_models.test_text_unit.TestTextUnit" name="test_token_count_validation" time="0.000" /><testcase classname="tests.test_models.test_text_unit.TestTextUnit" name="test_text_length_property" time="0.000" /><testcase classname="tests.test_models.test_text_unit.TestTextUnit" name="test_has_embedding_property" time="0.000" /><testcase classname="tests.test_models.test_text_unit.TestTextUnit" name="test_embedding_dimension_property" time="0.000" /><testcase classname="tests.test_models.test_text_unit.TestTextUnit" name="test_get_text_preview" time="0.000" /><testcase classname="tests.test_models.test_text_unit.TestTextUnit" name="test_serialization" time="0.000" /><testcase classname="tests.test_monitoring_system.TestLoggerManager" name="test_setup_logging_with_default_config" time="0.014" /><testcase classname="tests.test_monitoring_system.TestLoggerManager" name="test_get_logger_with_context" time="0.013" /><testcase classname="tests.test_monitoring_system.TestLoggerManager" name="test_update_log_level" time="0.024" /><testcase classname="tests.test_monitoring_system.TestLoggerManager" name="test_json_logging" time="0.008" /><testcase classname="tests.test_monitoring_system.TestErrorTracker" name="test_track_exception" time="0.001" /><testcase classname="tests.test_monitoring_system.TestErrorTracker" name="test_track_string_error" time="0.001" /><testcase classname="tests.test_monitoring_system.TestErrorTracker" name="test_error_aggregation" time="0.002" /><testcase classname="tests.test_monitoring_system.TestErrorTracker" name="test_error_stats" time="0.001" /><testcase classname="tests.test_monitoring_system.TestErrorTracker" name="test_alert_callback" time="0.001" /><testcase classname="tests.test_monitoring_system.TestErrorTracker" name="test_export_errors" time="0.001" /><testcase classname="tests.test_monitoring_system.TestMetricsCollector" name="test_record_counter" time="0.001" /><testcase classname="tests.test_monitoring_system.TestMetricsCollector" name="test_record_gauge" time="0.001" /><testcase classname="tests.test_monitoring_system.TestMetricsCollector" name="test_record_timer" time="0.001" /><testcase classname="tests.test_monitoring_system.TestMetricsCollector" name="test_timer_context_manager" time="0.013" /><testcase classname="tests.test_monitoring_system.TestMetricsCollector" name="test_system_metrics_collection" time="1.013" /><testcase classname="tests.test_monitoring_system.TestMetricsCollector" name="test_export_metrics" time="0.006" /><testcase classname="tests.test_monitoring_system.TestSystemMonitor" name="test_collect_system_stats" time="1.011" /><testcase classname="tests.test_monitoring_system.TestSystemMonitor" name="test_system_monitoring_lifecycle" time="2.020" /><testcase classname="tests.test_monitoring_system.TestSystemMonitor" name="test_get_process_stats" time="0.041" /><testcase classname="tests.test_monitoring_system.TestSystemMonitor" name="test_health_checks" time="0.000" /><testcase classname="tests.test_monitoring_system.TestSystemMonitor" name="test_alert_system" time="0.001" /><testcase classname="tests.test_monitoring_system.TestIntegration" name="test_monitoring_system_integration" time="1.035" /><testcase classname="tests.test_processors.test_base.TestBaseDocumentProcessor" name="test_can_process_supported_extension" time="0.002" /><testcase classname="tests.test_processors.test_base.TestBaseDocumentProcessor" name="test_validate_file_not_exists" time="0.001" /><testcase classname="tests.test_processors.test_base.TestBaseDocumentProcessor" name="test_validate_file_not_readable" time="0.002" /><testcase classname="tests.test_processors.test_base.TestBaseDocumentProcessor" name="test_detect_encoding_utf8" time="0.002" /><testcase classname="tests.test_processors.test_base.TestBaseDocumentProcessor" name="test_get_file_info" time="0.001" /><testcase classname="tests.test_processors.test_base.TestBaseDocumentProcessor" name="test_create_document" time="0.001" /><testcase classname="tests.test_processors.test_base.TestDocumentProcessorManager" name="test_register_processor" time="0.001" /><testcase classname="tests.test_processors.test_base.TestDocumentProcessorManager" name="test_get_processor" time="0.001" /><testcase classname="tests.test_processors.test_base.TestDocumentProcessorManager" name="test_can_process" time="0.001" /><testcase classname="tests.test_processors.test_base.TestDocumentProcessorManager" name="test_process_file_unsupported_format" time="0.001" /><testcase classname="tests.test_processors.test_base.TestDocumentProcessorManager" name="test_process_file_success" time="0.001" /><testcase classname="tests.test_processors.test_base.TestDocumentProcessorManager" name="test_batch_process_directory_not_exists" time="0.001" /><testcase classname="tests.test_processors.test_base.TestDocumentProcessorManager" name="test_batch_process_success" time="0.003" /><testcase classname="tests.test_processors.test_base.TestDocumentProcessorManager" name="test_get_supported_extensions" time="0.001" /><testcase classname="tests.test_processors.test_base.TestDocumentProcessorManager" name="test_get_processor_info" time="0.001" /><testcase classname="tests.test_processors.test_chinese_text_processor.TestChineseTextProcessor" name="test_init_default" time="0.002" /><testcase classname="tests.test_processors.test_chinese_text_processor.TestChineseTextProcessor" name="test_init_with_params" time="0.002" /><testcase classname="tests.test_processors.test_chinese_text_processor.TestChineseTextProcessor" name="test_clean_text_basic" time="0.001" /><testcase classname="tests.test_processors.test_chinese_text_processor.TestChineseTextProcessor" name="test_clean_text_special_chars" time="0.001" /><testcase classname="tests.test_processors.test_chinese_text_processor.TestChineseTextProcessor" name="test_clean_text_punctuation_normalization" time="0.001" /><testcase classname="tests.test_processors.test_chinese_text_processor.TestChineseTextProcessor" name="test_clean_text_empty" time="0.001" /><testcase classname="tests.test_processors.test_chinese_text_processor.TestChineseTextProcessor" name="test_segment_text_basic" time="0.012" /><testcase classname="tests.test_processors.test_chinese_text_processor.TestChineseTextProcessor" name="test_segment_text_keep_stopwords" time="0.002" /><testcase classname="tests.test_processors.test_chinese_text_processor.TestChineseTextProcessor" name="test_segment_text_no_pos_filter" time="0.001" /><testcase classname="tests.test_processors.test_chinese_text_processor.TestChineseTextProcessor" name="test_segment_text_empty" time="0.001" /><testcase classname="tests.test_processors.test_chinese_text_processor.TestChineseTextProcessor" name="test_extract_keywords_basic" time="0.049" /><testcase classname="tests.test_processors.test_chinese_text_processor.TestChineseTextProcessor" name="test_extract_keywords_empty" time="0.001" /><testcase classname="tests.test_processors.test_chinese_text_processor.TestChineseTextProcessor" name="test_split_into_sentences" time="0.001" /><testcase classname="tests.test_processors.test_chinese_text_processor.TestChineseTextProcessor" name="test_split_text_into_chunks_basic" time="0.001" /><testcase classname="tests.test_processors.test_chinese_text_processor.TestChineseTextProcessor" name="test_split_text_into_chunks_empty" time="0.001" /><testcase classname="tests.test_processors.test_chinese_text_processor.TestChineseTextProcessor" name="test_split_text_into_chunks_small_text" time="0.001" /><testcase classname="tests.test_processors.test_chinese_text_processor.TestChineseTextProcessor" name="test_split_text_into_chunks_custom_size" time="0.001" /><testcase classname="tests.test_processors.test_chinese_text_processor.TestChineseTextProcessor" name="test_get_text_statistics_comprehensive" time="0.001" /><testcase classname="tests.test_processors.test_chinese_text_processor.TestChineseTextProcessor" name="test_get_text_statistics_empty" time="0.001" /><testcase classname="tests.test_processors.test_chinese_text_processor.TestChineseTextProcessor" name="test_get_text_statistics_chinese_only" time="0.001" /><testcase classname="tests.test_processors.test_chinese_text_processor.TestChineseTextProcessor" name="test_get_text_statistics_english_only" time="0.001" /><testcase classname="tests.test_processors.test_chinese_text_processor.TestChineseTextProcessor" name="test_custom_stopwords_file" time="0.026" /><testcase classname="tests.test_processors.test_chinese_text_processor.TestChineseTextProcessor" name="test_custom_dict_integration" time="0.002" /><testcase classname="tests.test_processors.test_chinese_text_processor.TestChineseTextProcessor" name="test_normalize_punctuation" time="0.001" /><testcase classname="tests.test_processors.test_chinese_text_processor.TestChineseTextProcessor" name="test_integration_with_real_chinese_text" time="0.236" /><testcase classname="tests.test_processors.test_chinese_text_processor.TestChineseTextProcessor" name="test_preprocess_for_entity_recognition_basic" time="0.025" /><testcase classname="tests.test_processors.test_chinese_text_processor.TestChineseTextProcessor" name="test_preprocess_for_entity_recognition_empty" time="0.001" /><testcase classname="tests.test_processors.test_chinese_text_processor.TestChineseTextProcessor" name="test_extract_entity_patterns_comprehensive" time="0.001" /><testcase classname="tests.test_processors.test_chinese_text_processor.TestChineseTextProcessor" name="test_evaluate_text_quality_good_text" time="0.161" /><testcase classname="tests.test_processors.test_chinese_text_processor.TestChineseTextProcessor" name="test_evaluate_text_quality_poor_text" time="0.004" /><testcase classname="tests.test_processors.test_chinese_text_processor.TestChineseTextProcessor" name="test_evaluate_text_quality_empty" time="0.001" /><testcase classname="tests.test_processors.test_chinese_text_processor.TestChineseTextProcessor" name="test_extract_named_entities_candidates_basic" time="0.072" /><testcase classname="tests.test_processors.test_chinese_text_processor.TestChineseTextProcessor" name="test_extract_named_entities_candidates_confidence_threshold" time="0.032" /><testcase classname="tests.test_processors.test_chinese_text_processor.TestChineseTextProcessor" name="test_extract_named_entities_candidates_empty" time="0.001" /><testcase classname="tests.test_processors.test_chinese_text_processor.TestChineseTextProcessor" name="test_entity_recognition_integration" time="0.288" /><testcase classname="tests.test_processors.test_chinese_text_processor.TestChineseTextProcessor" name="test_text_quality_with_entity_patterns" time="0.328" /><testcase classname="tests.test_processors.test_text_processor.TestTextProcessor" name="test_supported_extensions" time="0.000" /><testcase classname="tests.test_processors.test_text_processor.TestTextProcessor" name="test_extract_content_success" time="0.001" /><testcase classname="tests.test_processors.test_text_processor.TestTextProcessor" name="test_extract_content_empty_file" time="0.001" /><testcase classname="tests.test_processors.test_text_processor.TestTextProcessor" name="test_extract_content_whitespace_only" time="0.001" /><testcase classname="tests.test_processors.test_text_processor.TestTextProcessor" name="test_process_file_success" time="0.001" /><testcase classname="tests.test_processors.test_text_processor.TestTextProcessor" name="test_process_file_with_chinese_content" time="0.001" /><testcase classname="tests.test_processors.test_text_processor.TestMarkdownProcessor" name="test_supported_extensions" time="0.015" /><testcase classname="tests.test_processors.test_text_processor.TestMarkdownProcessor" name="test_extract_content_simple_markdown" time="0.002" /><testcase classname="tests.test_processors.test_text_processor.TestMarkdownProcessor" name="test_extract_content_with_code_blocks" time="0.034" /><testcase classname="tests.test_processors.test_text_processor.TestMarkdownProcessor" name="test_extract_raw_content" time="0.001" /><testcase classname="tests.test_processors.test_text_processor.TestMarkdownProcessor" name="test_process_file_success" time="0.002" /><testcase classname="tests.test_processors.test_text_processor.TestMarkdownProcessor" name="test_extract_content_empty_markdown" time="0.001" /><testcase classname="tests.test_query.test_query_system.TestLLMManager" name="test_generate_with_mock_llm" time="0.103" /><testcase classname="tests.test_query.test_query_system.TestLLMManager" name="test_health_check" time="0.002" /><testcase classname="tests.test_query.test_query_system.TestLLMManager" name="test_get_metrics" time="0.001" /><testcase classname="tests.test_query.test_query_system.TestLLMManager" name="test_get_adapter_info" time="0.001" /><testcase classname="tests.test_query.test_query_system.TestChineseQueryProcessor" name="test_process_entity_query" time="0.064" /><testcase classname="tests.test_query.test_query_system.TestChineseQueryProcessor" name="test_process_relationship_query" time="0.001" /><testcase classname="tests.test_query.test_query_system.TestChineseQueryProcessor" name="test_process_global_query" time="0.001" /><testcase classname="tests.test_query.test_query_system.TestChineseQueryProcessor" name="test_extract_keywords" time="0.001" /><testcase classname="tests.test_query.test_query_system.TestChineseQueryProcessor" name="test_suggest_query_enhancement" time="0.001" /><testcase classname="tests.test_query.test_query_system.TestGlobalSearchEngine" name="test_global_search" time="0.105" /><testcase classname="tests.test_query.test_query_system.TestGlobalSearchEngine" name="test_health_check" time="0.003" /><testcase classname="tests.test_query.test_query_system.TestGlobalSearchEngine" name="test_get_available_strategies" time="0.002" /><testcase classname="tests.test_query.test_query_system.TestLocalSearchEngine" name="test_local_search" time="0.106" /><testcase classname="tests.test_query.test_query_system.TestQueryEngine" name="test_simple_query" time="0.114" /><testcase classname="tests.test_query.test_query_system.TestQueryEngine" name="test_global_search_query" time="0.220" /><testcase classname="tests.test_query.test_query_system.TestQueryEngine" name="test_local_search_query" time="0.122" /><testcase classname="tests.test_query.test_query_system.TestQueryEngine" name="test_hybrid_search_query" time="0.226" /><testcase classname="tests.test_query.test_query_system.TestQueryEngine" name="test_batch_query" time="0.233" /><testcase classname="tests.test_query.test_query_system.TestQueryEngine" name="test_get_engine_status" time="0.010" /><testcase classname="tests.test_query.test_query_system.TestQueryEngine" name="test_health_check" time="0.009" /><testcase classname="tests.test_query.test_query_system.TestQueryEngine" name="test_clear_cache" time="0.007" /><testcase classname="tests.test_query.test_query_system.TestIntegration" name="test_end_to_end_query_flow" time="0.327" /><testcase classname="tests.test_query.test_query_system.TestIntegration" name="test_query_result_serialization" time="0.004" /><testcase classname="tests.test_vector_stores.test_lancedb_store.TestLanceDBStore" name="test_connection" time="0.013" /><testcase classname="tests.test_vector_stores.test_lancedb_store.TestLanceDBStore" name="test_collection_management" time="0.030" /><testcase classname="tests.test_vector_stores.test_lancedb_store.TestLanceDBStore" name="test_vector_operations" time="0.021" /><testcase classname="tests.test_vector_stores.test_lancedb_store.TestLanceDBStore" name="test_vector_search" time="0.019" /><testcase classname="tests.test_vector_stores.test_lancedb_store.TestLanceDBStore" name="test_vector_update_and_delete" time="0.025" /><testcase classname="tests.test_vector_stores.test_lancedb_store.TestLanceDBStore" name="test_health_check" time="0.003" /><testcase classname="tests.test_vector_stores.test_lancedb_store.TestLanceDBStore" name="test_context_manager" time="0.009" /><testcase classname="tests.test_vector_stores.test_lancedb_store.TestLanceDBStore" name="test_error_handling" time="0.009" /><testcase classname="tests.test_vector_stores.test_lancedb_store.TestLanceDBStore" name="test_hybrid_search" time="0.015" /><testcase classname="tests.test_vector_stores.test_lancedb_store.TestLanceDBStore" name="test_sparse_search" time="0.011" /><testcase classname="tests.test_vector_stores.test_lancedb_store.TestLanceDBStore" name="test_index_optimization" time="0.013" /><testcase classname="tests.test_vector_stores.test_lancedb_store.TestLanceDBStore" name="test_search_filter" time="0.013" /><testcase classname="tests.test_vector_stores.test_lancedb_store.TestLanceDBStore" name="test_disconnected_operations" time="0.001" /><testcase classname="tests.test_vector_stores.test_manager.TestVectorStoreManager" name="test_manager_initialization" time="0.003" /><testcase classname="tests.test_vector_stores.test_manager.TestVectorStoreManager" name="test_create_vector_store_manager" time="0.003" /><testcase classname="tests.test_vector_stores.test_manager.TestVectorStoreManager" name="test_collection_operations" time="0.011" /><testcase classname="tests.test_vector_stores.test_manager.TestVectorStoreManager" name="test_vector_operations" time="0.032" /><testcase classname="tests.test_vector_stores.test_manager.TestVectorStoreManager" name="test_health_check" time="0.003" /><testcase classname="tests.test_vector_stores.test_manager.TestVectorStoreManager" name="test_statistics" time="0.010" /><testcase classname="tests.test_vector_stores.test_manager.TestVectorStoreManager" name="test_context_manager" time="0.003" /><testcase classname="tests.test_vector_stores.test_manager.TestVectorStoreManager" name="test_error_handling" time="0.010" /><testcase classname="tests.test_vector_stores.test_manager.TestVectorStoreManager" name="test_hybrid_search_manager" time="0.016" /><testcase classname="tests.test_vector_stores.test_manager.TestVectorStoreManager" name="test_index_optimization_manager" time="0.013" /><testcase classname="tests.test_vector_stores.test_manager.TestVectorStoreManager" name="test_search_filter_manager" time="0.014" /><testcase classname="tests.test_vector_stores.test_manager.TestVectorStoreManager" name="test_multiple_stores" time="0.019" /></testsuite></testsuites>