<?xml version="1.0" encoding="utf-8"?><testsuites name="pytest tests"><testsuite name="pytest" errors="0" failures="0" skipped="35" tests="35" time="9.686" timestamp="2025-08-02T08:07:23.019040+08:00" hostname="MacBook-Pro-M1.local"><testcase classname="tests.integration.test_chinese_features.TestChineseTextProcessing" name="test_chinese_tokenization" time="0.000"><skipped type="pytest.skip" message="跳過整合測試（使用 --integration 運行）">/Users/tenyi/Projects/MyRag/tests/integration/test_chinese_features.py:42: 跳過整合測試（使用 --integration 運行）</skipped></testcase><testcase classname="tests.integration.test_chinese_features.TestChineseTextProcessing" name="test_chinese_encoding_handling" time="0.000"><skipped type="pytest.skip" message="跳過整合測試（使用 --integration 運行）">/Users/tenyi/Projects/MyRag/tests/integration/test_chinese_features.py:74: 跳過整合測試（使用 --integration 運行）</skipped></testcase><testcase classname="tests.integration.test_chinese_features.TestChineseTextProcessing" name="test_traditional_simplified_conversion" time="0.000"><skipped type="pytest.skip" message="跳過整合測試（使用 --integration 運行）">/Users/tenyi/Projects/MyRag/tests/integration/test_chinese_features.py:95: 跳過整合測試（使用 --integration 運行）</skipped></testcase><testcase classname="tests.integration.test_chinese_features.TestChineseTextProcessing" name="test_chinese_punctuation_handling" time="0.000"><skipped type="pytest.skip" message="跳過整合測試（使用 --integration 運行）">/Users/tenyi/Projects/MyRag/tests/integration/test_chinese_features.py:136: 跳過整合測試（使用 --integration 運行）</skipped></testcase><testcase classname="tests.integration.test_chinese_features.TestChineseTextProcessing" name="test_chinese_number_extraction" time="0.000"><skipped type="pytest.skip" message="跳過整合測試（使用 --integration 運行）">/Users/tenyi/Projects/MyRag/tests/integration/test_chinese_features.py:175: 跳過整合測試（使用 --integration 運行）</skipped></testcase><testcase classname="tests.integration.test_chinese_features.TestChineseTextProcessing" name="test_chinese_semantic_understanding" time="0.000"><skipped type="pytest.skip" message="跳過整合測試（使用 --integration 運行）">/Users/tenyi/Projects/MyRag/tests/integration/test_chinese_features.py:202: 跳過整合測試（使用 --integration 運行）</skipped></testcase><testcase classname="tests.integration.test_chinese_features.TestChineseTextProcessing" name="test_chinese_text_chunking" time="0.000"><skipped type="pytest.skip" message="跳過整合測試（使用 --integration 運行）">/Users/tenyi/Projects/MyRag/tests/integration/test_chinese_features.py:252: 跳過整合測試（使用 --integration 運行）</skipped></testcase><testcase classname="tests.integration.test_chinese_features.TestChineseQueryProcessing" name="test_chinese_query_intent_classification" time="0.000"><skipped type="pytest.skip" message="跳過整合測試（使用 --integration 運行）">/Users/tenyi/Projects/MyRag/tests/integration/test_chinese_features.py:335: 跳過整合測試（使用 --integration 運行）</skipped></testcase><testcase classname="tests.integration.test_chinese_features.TestChineseQueryProcessing" name="test_chinese_entity_extraction" time="0.000"><skipped type="pytest.skip" message="跳過整合測試（使用 --integration 運行）">/Users/tenyi/Projects/MyRag/tests/integration/test_chinese_features.py:363: 跳過整合測試（使用 --integration 運行）</skipped></testcase><testcase classname="tests.integration.test_chinese_features.TestChineseQueryProcessing" name="test_chinese_query_expansion" time="0.000"><skipped type="pytest.skip" message="跳過整合測試（使用 --integration 運行）">/Users/tenyi/Projects/MyRag/tests/integration/test_chinese_features.py:407: 跳過整合測試（使用 --integration 運行）</skipped></testcase><testcase classname="tests.integration.test_chinese_features.TestChineseQueryProcessing" name="test_chinese_answer_generation" time="0.000"><skipped type="pytest.skip" message="跳過整合測試（使用 --integration 運行）">/Users/tenyi/Projects/MyRag/tests/integration/test_chinese_features.py:443: 跳過整合測試（使用 --integration 運行）</skipped></testcase><testcase classname="tests.integration.test_chinese_features.TestChineseKnowledgeGraph" name="test_chinese_entity_recognition" time="0.000"><skipped type="pytest.skip" message="跳過整合測試（使用 --integration 運行）">/Users/tenyi/Projects/MyRag/tests/integration/test_chinese_features.py:503: 跳過整合測試（使用 --integration 運行）</skipped></testcase><testcase classname="tests.integration.test_chinese_features.TestChineseKnowledgeGraph" name="test_chinese_relation_extraction" time="0.000"><skipped type="pytest.skip" message="跳過整合測試（使用 --integration 運行）">/Users/tenyi/Projects/MyRag/tests/integration/test_chinese_features.py:549: 跳過整合測試（使用 --integration 運行）</skipped></testcase><testcase classname="tests.integration.test_chinese_features.TestChineseKnowledgeGraph" name="test_chinese_knowledge_graph_construction" time="0.000"><skipped type="pytest.skip" message="跳過整合測試（使用 --integration 運行）">/Users/tenyi/Projects/MyRag/tests/integration/test_chinese_features.py:606: 跳過整合測試（使用 --integration 運行）</skipped></testcase><testcase classname="tests.integration.test_end_to_end.TestEndToEndIndexing" name="test_document_processing_pipeline" time="0.000"><skipped type="pytest.skip" message="跳過整合測試（使用 --integration 運行）">/Users/tenyi/Projects/MyRag/tests/integration/test_end_to_end.py:207: 跳過整合測試（使用 --integration 運行）</skipped></testcase><testcase classname="tests.integration.test_end_to_end.TestEndToEndIndexing" name="test_embedding_generation" time="0.000"><skipped type="pytest.skip" message="跳過整合測試（使用 --integration 運行）">/Users/tenyi/Projects/MyRag/tests/integration/test_end_to_end.py:240: 跳過整合測試（使用 --integration 運行）</skipped></testcase><testcase classname="tests.integration.test_end_to_end.TestEndToEndIndexing" name="test_vector_store_operations" time="0.000"><skipped type="pytest.skip" message="跳過整合測試（使用 --integration 運行）">/Users/tenyi/Projects/MyRag/tests/integration/test_end_to_end.py:259: 跳過整合測試（使用 --integration 運行）</skipped></testcase><testcase classname="tests.integration.test_end_to_end.TestEndToEndIndexing" name="test_full_indexing_pipeline" time="0.000"><skipped type="pytest.skip" message="跳過整合測試（使用 --integration 運行）">/Users/tenyi/Projects/MyRag/tests/integration/test_end_to_end.py:294: 跳過整合測試（使用 --integration 運行）</skipped></testcase><testcase classname="tests.integration.test_end_to_end.TestEndToEndQuerying" name="test_chinese_query_processing" time="0.000"><skipped type="pytest.skip" message="跳過整合測試（使用 --integration 運行）">/Users/tenyi/Projects/MyRag/tests/integration/test_end_to_end.py:433: 跳過整合測試（使用 --integration 運行）</skipped></testcase><testcase classname="tests.integration.test_end_to_end.TestEndToEndQuerying" name="test_semantic_search" time="0.000"><skipped type="pytest.skip" message="跳過整合測試（使用 --integration 運行）">/Users/tenyi/Projects/MyRag/tests/integration/test_end_to_end.py:464: 跳過整合測試（使用 --integration 運行）</skipped></testcase><testcase classname="tests.integration.test_end_to_end.TestEndToEndQuerying" name="test_local_search_query" time="0.000"><skipped type="pytest.skip" message="跳過整合測試（使用 --integration 運行）">/Users/tenyi/Projects/MyRag/tests/integration/test_end_to_end.py:492: 跳過整合測試（使用 --integration 運行）</skipped></testcase><testcase classname="tests.integration.test_end_to_end.TestEndToEndQuerying" name="test_global_search_query" time="0.000"><skipped type="pytest.skip" message="跳過整合測試（使用 --integration 運行）">/Users/tenyi/Projects/MyRag/tests/integration/test_end_to_end.py:529: 跳過整合測試（使用 --integration 運行）</skipped></testcase><testcase classname="tests.integration.test_end_to_end.TestEndToEndQuerying" name="test_full_query_pipeline" time="0.000"><skipped type="pytest.skip" message="跳過整合測試（使用 --integration 運行）">/Users/tenyi/Projects/MyRag/tests/integration/test_end_to_end.py:566: 跳過整合測試（使用 --integration 運行）</skipped></testcase><testcase classname="tests.integration.test_end_to_end.TestSystemIntegration" name="test_indexing_and_querying_integration" time="0.000"><skipped type="pytest.skip" message="跳過整合測試（使用 --integration 運行）">/Users/tenyi/Projects/MyRag/tests/integration/test_end_to_end.py:642: 跳過整合測試（使用 --integration 運行）</skipped></testcase><testcase classname="tests.integration.test_end_to_end.TestSystemIntegration" name="test_error_handling_integration" time="0.000"><skipped type="pytest.skip" message="跳過整合測試（使用 --integration 運行）">/Users/tenyi/Projects/MyRag/tests/integration/test_end_to_end.py:694: 跳過整合測試（使用 --integration 運行）</skipped></testcase><testcase classname="tests.integration.test_end_to_end.TestSystemIntegration" name="test_configuration_integration" time="0.000"><skipped type="pytest.skip" message="跳過整合測試（使用 --integration 運行）">/Users/tenyi/Projects/MyRag/tests/integration/test_end_to_end.py:723: 跳過整合測試（使用 --integration 運行）</skipped></testcase><testcase classname="tests.integration.test_performance.TestPerformanceBenchmarks" name="test_document_processing_performance" time="0.000"><skipped type="pytest.skip" message="跳過整合測試（使用 --integration 運行）">/Users/tenyi/Projects/MyRag/tests/integration/test_performance.py:38: 跳過整合測試（使用 --integration 運行）</skipped></testcase><testcase classname="tests.integration.test_performance.TestPerformanceBenchmarks" name="test_embedding_generation_performance" time="0.000"><skipped type="pytest.skip" message="跳過整合測試（使用 --integration 運行）">/Users/tenyi/Projects/MyRag/tests/integration/test_performance.py:96: 跳過整合測試（使用 --integration 運行）</skipped></testcase><testcase classname="tests.integration.test_performance.TestPerformanceBenchmarks" name="test_vector_search_performance" time="0.000"><skipped type="pytest.skip" message="跳過整合測試（使用 --integration 運行）">/Users/tenyi/Projects/MyRag/tests/integration/test_performance.py:144: 跳過整合測試（使用 --integration 運行）</skipped></testcase><testcase classname="tests.integration.test_performance.TestPerformanceBenchmarks" name="test_concurrent_processing_performance" time="0.000"><skipped type="pytest.skip" message="跳過整合測試（使用 --integration 運行）">/Users/tenyi/Projects/MyRag/tests/integration/test_performance.py:210: 跳過整合測試（使用 --integration 運行）</skipped></testcase><testcase classname="tests.integration.test_performance.TestPerformanceBenchmarks" name="test_memory_usage_performance" time="0.000"><skipped type="pytest.skip" message="跳過整合測試（使用 --integration 運行）">/Users/tenyi/Projects/MyRag/tests/integration/test_performance.py:262: 跳過整合測試（使用 --integration 運行）</skipped></testcase><testcase classname="tests.integration.test_performance.TestPerformanceBenchmarks" name="test_async_processing_performance" time="0.000"><skipped type="pytest.skip" message="跳過整合測試（使用 --integration 運行）">/Users/tenyi/Projects/MyRag/tests/integration/test_performance.py:321: 跳過整合測試（使用 --integration 運行）</skipped></testcase><testcase classname="tests.integration.test_performance.TestPerformanceBenchmarks" name="test_end_to_end_performance" time="0.000"><skipped type="pytest.skip" message="跳過整合測試（使用 --integration 運行）">/Users/tenyi/Projects/MyRag/tests/integration/test_performance.py:367: 跳過整合測試（使用 --integration 運行）</skipped></testcase><testcase classname="tests.integration.test_performance.TestStressTests" name="test_high_concurrency_stress" time="0.000"><skipped type="pytest.skip" message="跳過整合測試（使用 --integration 運行）">/Users/tenyi/Projects/MyRag/tests/integration/test_performance.py:470: 跳過整合測試（使用 --integration 運行）</skipped></testcase><testcase classname="tests.integration.test_performance.TestStressTests" name="test_memory_stress" time="0.000"><skipped type="pytest.skip" message="跳過整合測試（使用 --integration 運行）">/Users/tenyi/Projects/MyRag/tests/integration/test_performance.py:519: 跳過整合測試（使用 --integration 運行）</skipped></testcase></testsuite></testsuites>